<?xml version="1.0" encoding="UTF-8"?>
<!-- Generated by org.testng.reporters.JUnitXMLReporter -->
<testsuite ignored="0" hostname="Megha-PC" failures="0" tests="7" name="Test" time="49.856" errors="0" timestamp="2021-06-05T17:08:10 IST">
  <testcase classname="com.test.classes.TestLoginPageClass" name="verifyUserIDTextbox" time="1.141"/>
  <testcase classname="com.test.classes.TestLoginPageClass" name="verifyPasswordTextbox" time="2.056"/>
  <testcase classname="com.test.classes.TestLoginPageClass" name="verifyLoginButton" time="2.051"/>
  <testcase classname="com.test.classes.TestLoginPageClass" name="verifyCredentials" time="5.48"/>
  <testcase classname="com.test.classes.TestForgotPasswordLink" name="verifyForgotPasswordLink" time="2.234"/>
  <testcase classname="com.test.classes.TestPinPage" name="verifyPinTextBox" time="1.15"/>
  <testcase classname="com.test.classes.TestPinPage" name="verifyContinueButton" time="4.419"/>
</testsuite> <!-- Test -->
